2022-04-25 11:39:47,273 DEBUG [main] InternalLoggerFactory:89 - Using Log4J as the default logging framework
2022-04-25 11:39:47,282 DEBUG [main] ResourceLeakDetector:129 - -Dio.netty.leakDetection.level: simple
2022-04-25 11:39:47,283 DEBUG [main] ResourceLeakDetector:130 - -Dio.netty.leakDetection.targetRecords: 4
2022-04-25 11:39:47,288 DEBUG [main] ResourceLeakDetectorFactory:196 - Loaded default ResourceLeakDetector: io.netty.util.ResourceLeakDetector@5038d0b5
2022-04-25 11:39:47,305 DEBUG [main] PlatformDependent0:460 - -Dio.netty.noUnsafe: false
2022-04-25 11:39:47,305 DEBUG [main] PlatformDependent0:954 - Java version: 17
2022-04-25 11:39:47,311 DEBUG [main] PlatformDependent0:135 - sun.misc.Unsafe.theUnsafe: available
2022-04-25 11:39:47,312 DEBUG [main] PlatformDependent0:159 - sun.misc.Unsafe.copyMemory: available
2022-04-25 11:39:47,313 DEBUG [main] PlatformDependent0:202 - java.nio.Buffer.address: available
2022-04-25 11:39:47,314 DEBUG [main] PlatformDependent0:285 - direct buffer constructor: unavailable: Reflective setAccessible(true) disabled
2022-04-25 11:39:47,315 DEBUG [main] PlatformDependent0:350 - java.nio.Bits.unaligned: available, true
2022-04-25 11:39:47,316 DEBUG [main] PlatformDependent0:417 - jdk.internal.misc.Unsafe.allocateUninitializedArray(int): unavailable: class io.netty.util.internal.PlatformDependent0$6 cannot access class jdk.internal.misc.Unsafe (in module java.base) because module java.base does not export jdk.internal.misc to unnamed module @3b192d32
2022-04-25 11:39:47,318 DEBUG [main] PlatformDependent0:446 - java.nio.DirectByteBuffer.<init>(long, int): unavailable
2022-04-25 11:39:47,318 DEBUG [main] PlatformDependent:1103 - sun.misc.Unsafe: available
2022-04-25 11:39:47,329 DEBUG [main] PlatformDependent:1205 - maxDirectMemory: 2118123520 bytes (maybe)
2022-04-25 11:39:47,329 DEBUG [main] PlatformDependent:1224 - -Dio.netty.tmpdir: C:\Users\SPURGE\AppData\Local\Temp (java.io.tmpdir)
2022-04-25 11:39:47,332 DEBUG [main] PlatformDependent:1303 - -Dio.netty.bitMode: 64 (sun.arch.data.model)
2022-04-25 11:39:47,333 DEBUG [main] PlatformDependent:1063 - Platform: Windows
2022-04-25 11:39:47,334 DEBUG [main] PlatformDependent:178 - -Dio.netty.maxDirectMemory: -1 bytes
2022-04-25 11:39:47,334 DEBUG [main] PlatformDependent:185 - -Dio.netty.uninitializedArrayAllocationThreshold: -1
2022-04-25 11:39:47,336 DEBUG [main] CleanerJava9:71 - java.nio.ByteBuffer.cleaner(): available
2022-04-25 11:39:47,336 DEBUG [main] PlatformDependent:205 - -Dio.netty.noPreferDirect: false
2022-04-25 11:39:47,343 DEBUG [main] PlatformDependent:967 - org.jctools-core.MpscChunkedArrayQueue: available
2022-04-25 11:39:47,358 DEBUG [main] InternalThreadLocalMap:83 - -Dio.netty.threadLocalMap.stringBuilder.initialSize: 1024
2022-04-25 11:39:47,358 DEBUG [main] InternalThreadLocalMap:86 - -Dio.netty.threadLocalMap.stringBuilder.maxSize: 4096
2022-04-25 11:39:47,525 DEBUG [main] JdkSslContext:97 - Default protocols (JDK): [TLSv1.3, TLSv1.2] 
2022-04-25 11:39:47,525 DEBUG [main] JdkSslContext:98 - Default cipher suites (JDK): [TLS_ECDHE_ECDSA_WITH_AES_256_GCM_SHA384, TLS_ECDHE_ECDSA_WITH_AES_128_GCM_SHA256, TLS_ECDHE_RSA_WITH_AES_128_GCM_SHA256, TLS_ECDHE_RSA_WITH_AES_256_GCM_SHA384, TLS_ECDHE_RSA_WITH_AES_128_CBC_SHA, TLS_ECDHE_RSA_WITH_AES_256_CBC_SHA, TLS_RSA_WITH_AES_128_GCM_SHA256, TLS_RSA_WITH_AES_128_CBC_SHA, TLS_RSA_WITH_AES_256_CBC_SHA, TLS_AES_128_GCM_SHA256, TLS_AES_256_GCM_SHA384]
2022-04-25 11:39:47,549 DEBUG [main] MultithreadEventLoopGroup:44 - -Dio.netty.eventLoopThreads: 8
2022-04-25 11:39:47,557 DEBUG [main] NioEventLoop:106 - -Dio.netty.noKeySetOptimization: false
2022-04-25 11:39:47,557 DEBUG [main] NioEventLoop:107 - -Dio.netty.selectorAutoRebuildThreshold: 512
2022-04-25 11:39:47,597 DEBUG [main] PooledByteBufAllocator:155 - -Dio.netty.allocator.numHeapArenas: 8
2022-04-25 11:39:47,598 DEBUG [main] PooledByteBufAllocator:156 - -Dio.netty.allocator.numDirectArenas: 8
2022-04-25 11:39:47,598 DEBUG [main] PooledByteBufAllocator:158 - -Dio.netty.allocator.pageSize: 8192
2022-04-25 11:39:47,598 DEBUG [main] PooledByteBufAllocator:163 - -Dio.netty.allocator.maxOrder: 11
2022-04-25 11:39:47,599 DEBUG [main] PooledByteBufAllocator:167 - -Dio.netty.allocator.chunkSize: 16777216
2022-04-25 11:39:47,599 DEBUG [main] PooledByteBufAllocator:168 - -Dio.netty.allocator.smallCacheSize: 256
2022-04-25 11:39:47,599 DEBUG [main] PooledByteBufAllocator:169 - -Dio.netty.allocator.normalCacheSize: 64
2022-04-25 11:39:47,600 DEBUG [main] PooledByteBufAllocator:170 - -Dio.netty.allocator.maxCachedBufferCapacity: 32768
2022-04-25 11:39:47,600 DEBUG [main] PooledByteBufAllocator:171 - -Dio.netty.allocator.cacheTrimInterval: 8192
2022-04-25 11:39:47,600 DEBUG [main] PooledByteBufAllocator:172 - -Dio.netty.allocator.cacheTrimIntervalMillis: 0
2022-04-25 11:39:47,601 DEBUG [main] PooledByteBufAllocator:173 - -Dio.netty.allocator.useCacheForAllThreads: true
2022-04-25 11:39:47,601 DEBUG [main] PooledByteBufAllocator:174 - -Dio.netty.allocator.maxCachedByteBuffersPerChunk: 1023
2022-04-25 11:39:47,613 DEBUG [main] ByteBufUtil:87 - -Dio.netty.allocator.type: pooled
2022-04-25 11:39:47,614 DEBUG [main] ByteBufUtil:96 - -Dio.netty.threadLocalDirectBufferSize: 0
2022-04-25 11:39:47,614 DEBUG [main] ByteBufUtil:99 - -Dio.netty.maxThreadLocalCharBufferSize: 16384
2022-04-25 11:39:47,982 DEBUG [Forwarding newSession on session null to remote] DefaultChannelId:79 - -Dio.netty.processId: 6828 (auto-detected)
2022-04-25 11:39:47,984 DEBUG [Forwarding newSession on session null to remote] NetUtil:135 - -Djava.net.preferIPv4Stack: false
2022-04-25 11:39:47,985 DEBUG [Forwarding newSession on session null to remote] NetUtil:136 - -Djava.net.preferIPv6Addresses: false
2022-04-25 11:39:47,994 DEBUG [Forwarding newSession on session null to remote] NetUtilInitializations:129 - Loopback interface: lo (Software Loopback Interface 1, 127.0.0.1)
2022-04-25 11:39:47,995 DEBUG [Forwarding newSession on session null to remote] NetUtil:187 - Failed to get SOMAXCONN from sysctl and file \proc\sys\net\core\somaxconn. Default: 200
2022-04-25 11:39:48,027 DEBUG [Forwarding newSession on session null to remote] DefaultChannelId:101 - -Dio.netty.machineId: 00:21:6a:ff:fe:e6:b3:15 (auto-detected)
2022-04-25 11:39:48,074 DEBUG [AsyncHttpClient-1-2] AbstractByteBuf:63 - -Dio.netty.buffer.checkAccessible: true
2022-04-25 11:39:48,074 DEBUG [AsyncHttpClient-1-2] AbstractByteBuf:64 - -Dio.netty.buffer.checkBounds: true
2022-04-25 11:39:48,074 DEBUG [AsyncHttpClient-1-2] ResourceLeakDetectorFactory:196 - Loaded default ResourceLeakDetector: io.netty.util.ResourceLeakDetector@4299f70d
2022-04-25 11:39:48,098 DEBUG [AsyncHttpClient-1-2] Recycler:103 - -Dio.netty.recycler.maxCapacityPerThread: 4096
2022-04-25 11:39:48,098 DEBUG [AsyncHttpClient-1-2] Recycler:104 - -Dio.netty.recycler.maxSharedCapacityFactor: 2
2022-04-25 11:39:48,099 DEBUG [AsyncHttpClient-1-2] Recycler:105 - -Dio.netty.recycler.linkCapacity: 16
2022-04-25 11:39:48,099 DEBUG [AsyncHttpClient-1-2] Recycler:106 - -Dio.netty.recycler.ratio: 8
2022-04-25 11:39:48,099 DEBUG [AsyncHttpClient-1-2] Recycler:107 - -Dio.netty.recycler.delayedQueue.ratio: 8
2022-04-25 11:39:48,764 DEBUG [AsyncHttpClient-1-2] Brotli:38 - brotli4j not in the classpath; Brotli support will be unavailable.
2022-04-25 11:39:48,958 DEBUG [main] ThreadLocalRandom:214 - -Dio.netty.initialSeedUniquifier: 0x336fb7f74c40cbdc
2022-04-25 11:39:53,230 DEBUG [AsyncHttpClient-1-3] PoolThreadCache:224 - Freed 2 thread-local buffer(s) from thread: AsyncHttpClient-1-3
2022-04-25 11:39:53,230 DEBUG [AsyncHttpClient-1-4] PoolThreadCache:224 - Freed 4 thread-local buffer(s) from thread: AsyncHttpClient-1-4
2022-04-25 11:39:53,230 DEBUG [AsyncHttpClient-1-2] PoolThreadCache:224 - Freed 17 thread-local buffer(s) from thread: AsyncHttpClient-1-2
2022-04-25 11:54:46,448 DEBUG [main] InternalLoggerFactory:89 - Using Log4J as the default logging framework
2022-04-25 11:54:46,456 DEBUG [main] ResourceLeakDetector:129 - -Dio.netty.leakDetection.level: simple
2022-04-25 11:54:46,456 DEBUG [main] ResourceLeakDetector:130 - -Dio.netty.leakDetection.targetRecords: 4
2022-04-25 11:54:46,461 DEBUG [main] ResourceLeakDetectorFactory:196 - Loaded default ResourceLeakDetector: io.netty.util.ResourceLeakDetector@5038d0b5
2022-04-25 11:54:46,478 DEBUG [main] PlatformDependent0:460 - -Dio.netty.noUnsafe: false
2022-04-25 11:54:46,479 DEBUG [main] PlatformDependent0:954 - Java version: 17
2022-04-25 11:54:46,480 DEBUG [main] PlatformDependent0:135 - sun.misc.Unsafe.theUnsafe: available
2022-04-25 11:54:46,482 DEBUG [main] PlatformDependent0:159 - sun.misc.Unsafe.copyMemory: available
2022-04-25 11:54:46,483 DEBUG [main] PlatformDependent0:202 - java.nio.Buffer.address: available
2022-04-25 11:54:46,484 DEBUG [main] PlatformDependent0:285 - direct buffer constructor: unavailable: Reflective setAccessible(true) disabled
2022-04-25 11:54:46,485 DEBUG [main] PlatformDependent0:350 - java.nio.Bits.unaligned: available, true
2022-04-25 11:54:46,487 DEBUG [main] PlatformDependent0:417 - jdk.internal.misc.Unsafe.allocateUninitializedArray(int): unavailable: class io.netty.util.internal.PlatformDependent0$6 cannot access class jdk.internal.misc.Unsafe (in module java.base) because module java.base does not export jdk.internal.misc to unnamed module @3b192d32
2022-04-25 11:54:46,488 DEBUG [main] PlatformDependent0:446 - java.nio.DirectByteBuffer.<init>(long, int): unavailable
2022-04-25 11:54:46,489 DEBUG [main] PlatformDependent:1103 - sun.misc.Unsafe: available
2022-04-25 11:54:46,499 DEBUG [main] PlatformDependent:1205 - maxDirectMemory: 2118123520 bytes (maybe)
2022-04-25 11:54:46,500 DEBUG [main] PlatformDependent:1224 - -Dio.netty.tmpdir: C:\Users\SPURGE\AppData\Local\Temp (java.io.tmpdir)
2022-04-25 11:54:46,502 DEBUG [main] PlatformDependent:1303 - -Dio.netty.bitMode: 64 (sun.arch.data.model)
2022-04-25 11:54:46,503 DEBUG [main] PlatformDependent:1063 - Platform: Windows
2022-04-25 11:54:46,504 DEBUG [main] PlatformDependent:178 - -Dio.netty.maxDirectMemory: -1 bytes
2022-04-25 11:54:46,505 DEBUG [main] PlatformDependent:185 - -Dio.netty.uninitializedArrayAllocationThreshold: -1
2022-04-25 11:54:46,506 DEBUG [main] CleanerJava9:71 - java.nio.ByteBuffer.cleaner(): available
2022-04-25 11:54:46,507 DEBUG [main] PlatformDependent:205 - -Dio.netty.noPreferDirect: false
2022-04-25 11:54:46,519 DEBUG [main] PlatformDependent:967 - org.jctools-core.MpscChunkedArrayQueue: available
2022-04-25 11:54:46,536 DEBUG [main] InternalThreadLocalMap:83 - -Dio.netty.threadLocalMap.stringBuilder.initialSize: 1024
2022-04-25 11:54:46,536 DEBUG [main] InternalThreadLocalMap:86 - -Dio.netty.threadLocalMap.stringBuilder.maxSize: 4096
2022-04-25 11:54:46,695 DEBUG [main] JdkSslContext:97 - Default protocols (JDK): [TLSv1.3, TLSv1.2] 
2022-04-25 11:54:46,695 DEBUG [main] JdkSslContext:98 - Default cipher suites (JDK): [TLS_ECDHE_ECDSA_WITH_AES_256_GCM_SHA384, TLS_ECDHE_ECDSA_WITH_AES_128_GCM_SHA256, TLS_ECDHE_RSA_WITH_AES_128_GCM_SHA256, TLS_ECDHE_RSA_WITH_AES_256_GCM_SHA384, TLS_ECDHE_RSA_WITH_AES_128_CBC_SHA, TLS_ECDHE_RSA_WITH_AES_256_CBC_SHA, TLS_RSA_WITH_AES_128_GCM_SHA256, TLS_RSA_WITH_AES_128_CBC_SHA, TLS_RSA_WITH_AES_256_CBC_SHA, TLS_AES_128_GCM_SHA256, TLS_AES_256_GCM_SHA384]
2022-04-25 11:54:46,718 DEBUG [main] MultithreadEventLoopGroup:44 - -Dio.netty.eventLoopThreads: 8
2022-04-25 11:54:46,726 DEBUG [main] NioEventLoop:106 - -Dio.netty.noKeySetOptimization: false
2022-04-25 11:54:46,727 DEBUG [main] NioEventLoop:107 - -Dio.netty.selectorAutoRebuildThreshold: 512
2022-04-25 11:54:46,768 DEBUG [main] PooledByteBufAllocator:155 - -Dio.netty.allocator.numHeapArenas: 8
2022-04-25 11:54:46,768 DEBUG [main] PooledByteBufAllocator:156 - -Dio.netty.allocator.numDirectArenas: 8
2022-04-25 11:54:46,769 DEBUG [main] PooledByteBufAllocator:158 - -Dio.netty.allocator.pageSize: 8192
2022-04-25 11:54:46,769 DEBUG [main] PooledByteBufAllocator:163 - -Dio.netty.allocator.maxOrder: 11
2022-04-25 11:54:46,769 DEBUG [main] PooledByteBufAllocator:167 - -Dio.netty.allocator.chunkSize: 16777216
2022-04-25 11:54:46,770 DEBUG [main] PooledByteBufAllocator:168 - -Dio.netty.allocator.smallCacheSize: 256
2022-04-25 11:54:46,770 DEBUG [main] PooledByteBufAllocator:169 - -Dio.netty.allocator.normalCacheSize: 64
2022-04-25 11:54:46,770 DEBUG [main] PooledByteBufAllocator:170 - -Dio.netty.allocator.maxCachedBufferCapacity: 32768
2022-04-25 11:54:46,770 DEBUG [main] PooledByteBufAllocator:171 - -Dio.netty.allocator.cacheTrimInterval: 8192
2022-04-25 11:54:46,771 DEBUG [main] PooledByteBufAllocator:172 - -Dio.netty.allocator.cacheTrimIntervalMillis: 0
2022-04-25 11:54:46,771 DEBUG [main] PooledByteBufAllocator:173 - -Dio.netty.allocator.useCacheForAllThreads: true
2022-04-25 11:54:46,771 DEBUG [main] PooledByteBufAllocator:174 - -Dio.netty.allocator.maxCachedByteBuffersPerChunk: 1023
2022-04-25 11:54:46,781 DEBUG [main] ByteBufUtil:87 - -Dio.netty.allocator.type: pooled
2022-04-25 11:54:46,782 DEBUG [main] ByteBufUtil:96 - -Dio.netty.threadLocalDirectBufferSize: 0
2022-04-25 11:54:46,783 DEBUG [main] ByteBufUtil:99 - -Dio.netty.maxThreadLocalCharBufferSize: 16384
2022-04-25 11:54:47,130 DEBUG [Forwarding newSession on session null to remote] DefaultChannelId:79 - -Dio.netty.processId: 15048 (auto-detected)
2022-04-25 11:54:47,133 DEBUG [Forwarding newSession on session null to remote] NetUtil:135 - -Djava.net.preferIPv4Stack: false
2022-04-25 11:54:47,134 DEBUG [Forwarding newSession on session null to remote] NetUtil:136 - -Djava.net.preferIPv6Addresses: false
2022-04-25 11:54:47,142 DEBUG [Forwarding newSession on session null to remote] NetUtilInitializations:129 - Loopback interface: lo (Software Loopback Interface 1, 127.0.0.1)
2022-04-25 11:54:47,143 DEBUG [Forwarding newSession on session null to remote] NetUtil:187 - Failed to get SOMAXCONN from sysctl and file \proc\sys\net\core\somaxconn. Default: 200
2022-04-25 11:54:47,172 DEBUG [Forwarding newSession on session null to remote] DefaultChannelId:101 - -Dio.netty.machineId: 00:21:6a:ff:fe:e6:b3:15 (auto-detected)
2022-04-25 11:54:47,243 DEBUG [AsyncHttpClient-1-2] AbstractByteBuf:63 - -Dio.netty.buffer.checkAccessible: true
2022-04-25 11:54:47,244 DEBUG [AsyncHttpClient-1-2] AbstractByteBuf:64 - -Dio.netty.buffer.checkBounds: true
2022-04-25 11:54:47,245 DEBUG [AsyncHttpClient-1-2] ResourceLeakDetectorFactory:196 - Loaded default ResourceLeakDetector: io.netty.util.ResourceLeakDetector@2fb9df1f
2022-04-25 11:54:47,277 DEBUG [AsyncHttpClient-1-2] Recycler:103 - -Dio.netty.recycler.maxCapacityPerThread: 4096
2022-04-25 11:54:47,277 DEBUG [AsyncHttpClient-1-2] Recycler:104 - -Dio.netty.recycler.maxSharedCapacityFactor: 2
2022-04-25 11:54:47,278 DEBUG [AsyncHttpClient-1-2] Recycler:105 - -Dio.netty.recycler.linkCapacity: 16
2022-04-25 11:54:47,278 DEBUG [AsyncHttpClient-1-2] Recycler:106 - -Dio.netty.recycler.ratio: 8
2022-04-25 11:54:47,278 DEBUG [AsyncHttpClient-1-2] Recycler:107 - -Dio.netty.recycler.delayedQueue.ratio: 8
2022-04-25 11:54:48,092 DEBUG [AsyncHttpClient-1-2] Brotli:38 - brotli4j not in the classpath; Brotli support will be unavailable.
2022-04-25 11:54:48,250 DEBUG [main] ThreadLocalRandom:214 - -Dio.netty.initialSeedUniquifier: 0x779efd351d5d1e88
2022-04-25 11:54:48,292  INFO [main] LoginTest:22 - LAUNCHING CHROME BROWSER
2022-04-25 11:54:49,567  INFO [main] LoginTest:27 - ENTERING APP URL
2022-04-25 11:54:50,764  INFO [main] LoginTest:22 - LAUNCHING CHROME BROWSER
2022-04-25 11:54:52,079  INFO [main] LoginTest:27 - ENTERING APP URL
2022-04-25 11:54:52,505 DEBUG [AsyncHttpClient-1-3] PoolThreadCache:224 - Freed 2 thread-local buffer(s) from thread: AsyncHttpClient-1-3
2022-04-25 11:54:52,506 DEBUG [AsyncHttpClient-1-2] PoolThreadCache:224 - Freed 17 thread-local buffer(s) from thread: AsyncHttpClient-1-2
2022-04-25 11:54:52,505 DEBUG [AsyncHttpClient-1-4] PoolThreadCache:224 - Freed 4 thread-local buffer(s) from thread: AsyncHttpClient-1-4
2022-04-25 11:57:29,244 DEBUG [main] InternalLoggerFactory:89 - Using Log4J as the default logging framework
2022-04-25 11:57:29,253 DEBUG [main] ResourceLeakDetector:129 - -Dio.netty.leakDetection.level: simple
2022-04-25 11:57:29,253 DEBUG [main] ResourceLeakDetector:130 - -Dio.netty.leakDetection.targetRecords: 4
2022-04-25 11:57:29,259 DEBUG [main] ResourceLeakDetectorFactory:196 - Loaded default ResourceLeakDetector: io.netty.util.ResourceLeakDetector@5038d0b5
2022-04-25 11:57:29,280 DEBUG [main] PlatformDependent0:460 - -Dio.netty.noUnsafe: false
2022-04-25 11:57:29,281 DEBUG [main] PlatformDependent0:954 - Java version: 17
2022-04-25 11:57:29,283 DEBUG [main] PlatformDependent0:135 - sun.misc.Unsafe.theUnsafe: available
2022-04-25 11:57:29,285 DEBUG [main] PlatformDependent0:159 - sun.misc.Unsafe.copyMemory: available
2022-04-25 11:57:29,286 DEBUG [main] PlatformDependent0:202 - java.nio.Buffer.address: available
2022-04-25 11:57:29,288 DEBUG [main] PlatformDependent0:285 - direct buffer constructor: unavailable: Reflective setAccessible(true) disabled
2022-04-25 11:57:29,290 DEBUG [main] PlatformDependent0:350 - java.nio.Bits.unaligned: available, true
2022-04-25 11:57:29,292 DEBUG [main] PlatformDependent0:417 - jdk.internal.misc.Unsafe.allocateUninitializedArray(int): unavailable: class io.netty.util.internal.PlatformDependent0$6 cannot access class jdk.internal.misc.Unsafe (in module java.base) because module java.base does not export jdk.internal.misc to unnamed module @3b192d32
2022-04-25 11:57:29,294 DEBUG [main] PlatformDependent0:446 - java.nio.DirectByteBuffer.<init>(long, int): unavailable
2022-04-25 11:57:29,294 DEBUG [main] PlatformDependent:1103 - sun.misc.Unsafe: available
2022-04-25 11:57:29,305 DEBUG [main] PlatformDependent:1205 - maxDirectMemory: 2118123520 bytes (maybe)
2022-04-25 11:57:29,306 DEBUG [main] PlatformDependent:1224 - -Dio.netty.tmpdir: C:\Users\SPURGE\AppData\Local\Temp (java.io.tmpdir)
2022-04-25 11:57:29,310 DEBUG [main] PlatformDependent:1303 - -Dio.netty.bitMode: 64 (sun.arch.data.model)
2022-04-25 11:57:29,314 DEBUG [main] PlatformDependent:1063 - Platform: Windows
2022-04-25 11:57:29,317 DEBUG [main] PlatformDependent:178 - -Dio.netty.maxDirectMemory: -1 bytes
2022-04-25 11:57:29,318 DEBUG [main] PlatformDependent:185 - -Dio.netty.uninitializedArrayAllocationThreshold: -1
2022-04-25 11:57:29,320 DEBUG [main] CleanerJava9:71 - java.nio.ByteBuffer.cleaner(): available
2022-04-25 11:57:29,320 DEBUG [main] PlatformDependent:205 - -Dio.netty.noPreferDirect: false
2022-04-25 11:57:29,330 DEBUG [main] PlatformDependent:967 - org.jctools-core.MpscChunkedArrayQueue: available
2022-04-25 11:57:29,358 DEBUG [main] InternalThreadLocalMap:83 - -Dio.netty.threadLocalMap.stringBuilder.initialSize: 1024
2022-04-25 11:57:29,358 DEBUG [main] InternalThreadLocalMap:86 - -Dio.netty.threadLocalMap.stringBuilder.maxSize: 4096
2022-04-25 11:57:29,535 DEBUG [main] JdkSslContext:97 - Default protocols (JDK): [TLSv1.3, TLSv1.2] 
2022-04-25 11:57:29,536 DEBUG [main] JdkSslContext:98 - Default cipher suites (JDK): [TLS_ECDHE_ECDSA_WITH_AES_256_GCM_SHA384, TLS_ECDHE_ECDSA_WITH_AES_128_GCM_SHA256, TLS_ECDHE_RSA_WITH_AES_128_GCM_SHA256, TLS_ECDHE_RSA_WITH_AES_256_GCM_SHA384, TLS_ECDHE_RSA_WITH_AES_128_CBC_SHA, TLS_ECDHE_RSA_WITH_AES_256_CBC_SHA, TLS_RSA_WITH_AES_128_GCM_SHA256, TLS_RSA_WITH_AES_128_CBC_SHA, TLS_RSA_WITH_AES_256_CBC_SHA, TLS_AES_128_GCM_SHA256, TLS_AES_256_GCM_SHA384]
2022-04-25 11:57:29,560 DEBUG [main] MultithreadEventLoopGroup:44 - -Dio.netty.eventLoopThreads: 8
2022-04-25 11:57:29,568 DEBUG [main] NioEventLoop:106 - -Dio.netty.noKeySetOptimization: false
2022-04-25 11:57:29,568 DEBUG [main] NioEventLoop:107 - -Dio.netty.selectorAutoRebuildThreshold: 512
2022-04-25 11:57:29,608 DEBUG [main] PooledByteBufAllocator:155 - -Dio.netty.allocator.numHeapArenas: 8
2022-04-25 11:57:29,608 DEBUG [main] PooledByteBufAllocator:156 - -Dio.netty.allocator.numDirectArenas: 8
2022-04-25 11:57:29,609 DEBUG [main] PooledByteBufAllocator:158 - -Dio.netty.allocator.pageSize: 8192
2022-04-25 11:57:29,609 DEBUG [main] PooledByteBufAllocator:163 - -Dio.netty.allocator.maxOrder: 11
2022-04-25 11:57:29,609 DEBUG [main] PooledByteBufAllocator:167 - -Dio.netty.allocator.chunkSize: 16777216
2022-04-25 11:57:29,609 DEBUG [main] PooledByteBufAllocator:168 - -Dio.netty.allocator.smallCacheSize: 256
2022-04-25 11:57:29,609 DEBUG [main] PooledByteBufAllocator:169 - -Dio.netty.allocator.normalCacheSize: 64
2022-04-25 11:57:29,610 DEBUG [main] PooledByteBufAllocator:170 - -Dio.netty.allocator.maxCachedBufferCapacity: 32768
2022-04-25 11:57:29,610 DEBUG [main] PooledByteBufAllocator:171 - -Dio.netty.allocator.cacheTrimInterval: 8192
2022-04-25 11:57:29,610 DEBUG [main] PooledByteBufAllocator:172 - -Dio.netty.allocator.cacheTrimIntervalMillis: 0
2022-04-25 11:57:29,610 DEBUG [main] PooledByteBufAllocator:173 - -Dio.netty.allocator.useCacheForAllThreads: true
2022-04-25 11:57:29,610 DEBUG [main] PooledByteBufAllocator:174 - -Dio.netty.allocator.maxCachedByteBuffersPerChunk: 1023
2022-04-25 11:57:29,621 DEBUG [main] ByteBufUtil:87 - -Dio.netty.allocator.type: pooled
2022-04-25 11:57:29,621 DEBUG [main] ByteBufUtil:96 - -Dio.netty.threadLocalDirectBufferSize: 0
2022-04-25 11:57:29,622 DEBUG [main] ByteBufUtil:99 - -Dio.netty.maxThreadLocalCharBufferSize: 16384
2022-04-25 11:57:29,945 DEBUG [Forwarding newSession on session null to remote] DefaultChannelId:79 - -Dio.netty.processId: 10460 (auto-detected)
2022-04-25 11:57:29,948 DEBUG [Forwarding newSession on session null to remote] NetUtil:135 - -Djava.net.preferIPv4Stack: false
2022-04-25 11:57:29,948 DEBUG [Forwarding newSession on session null to remote] NetUtil:136 - -Djava.net.preferIPv6Addresses: false
2022-04-25 11:57:29,959 DEBUG [Forwarding newSession on session null to remote] NetUtilInitializations:129 - Loopback interface: lo (Software Loopback Interface 1, 127.0.0.1)
2022-04-25 11:57:29,960 DEBUG [Forwarding newSession on session null to remote] NetUtil:187 - Failed to get SOMAXCONN from sysctl and file \proc\sys\net\core\somaxconn. Default: 200
2022-04-25 11:57:29,992 DEBUG [Forwarding newSession on session null to remote] DefaultChannelId:101 - -Dio.netty.machineId: 00:21:6a:ff:fe:e6:b3:15 (auto-detected)
2022-04-25 11:57:30,036 DEBUG [AsyncHttpClient-1-2] AbstractByteBuf:63 - -Dio.netty.buffer.checkAccessible: true
2022-04-25 11:57:30,036 DEBUG [AsyncHttpClient-1-2] AbstractByteBuf:64 - -Dio.netty.buffer.checkBounds: true
2022-04-25 11:57:30,036 DEBUG [AsyncHttpClient-1-2] ResourceLeakDetectorFactory:196 - Loaded default ResourceLeakDetector: io.netty.util.ResourceLeakDetector@7092f610
2022-04-25 11:57:30,056 DEBUG [AsyncHttpClient-1-2] Recycler:103 - -Dio.netty.recycler.maxCapacityPerThread: 4096
2022-04-25 11:57:30,057 DEBUG [AsyncHttpClient-1-2] Recycler:104 - -Dio.netty.recycler.maxSharedCapacityFactor: 2
2022-04-25 11:57:30,057 DEBUG [AsyncHttpClient-1-2] Recycler:105 - -Dio.netty.recycler.linkCapacity: 16
2022-04-25 11:57:30,057 DEBUG [AsyncHttpClient-1-2] Recycler:106 - -Dio.netty.recycler.ratio: 8
2022-04-25 11:57:30,057 DEBUG [AsyncHttpClient-1-2] Recycler:107 - -Dio.netty.recycler.delayedQueue.ratio: 8
2022-04-25 11:57:30,801 DEBUG [AsyncHttpClient-1-2] Brotli:38 - brotli4j not in the classpath; Brotli support will be unavailable.
2022-04-25 11:57:30,967 DEBUG [main] ThreadLocalRandom:214 - -Dio.netty.initialSeedUniquifier: 0x8d27e4f17914026d
2022-04-25 11:57:31,009  INFO [main] LoginTest:23 - LAUNCHING CHROME BROWSER
2022-04-25 11:57:32,287  INFO [main] LoginTest:30 - ENTERING APP URL
2022-04-25 11:57:32,288  WARN [main] LoginTest:31 - this is warning msg
2022-04-25 11:57:32,288 FATAL [main] LoginTest:32 - this is fatal
2022-04-25 11:57:32,289 DEBUG [main] LoginTest:33 - this is debug
2022-04-25 11:57:33,560  INFO [main] LoginTest:23 - LAUNCHING CHROME BROWSER
2022-04-25 11:57:34,809  INFO [main] LoginTest:30 - ENTERING APP URL
2022-04-25 11:57:34,810  WARN [main] LoginTest:31 - this is warning msg
2022-04-25 11:57:34,810 FATAL [main] LoginTest:32 - this is fatal
2022-04-25 11:57:34,810 DEBUG [main] LoginTest:33 - this is debug
2022-04-25 11:57:35,219 DEBUG [AsyncHttpClient-1-4] PoolThreadCache:224 - Freed 4 thread-local buffer(s) from thread: AsyncHttpClient-1-4
2022-04-25 11:57:35,219 DEBUG [AsyncHttpClient-1-3] PoolThreadCache:224 - Freed 2 thread-local buffer(s) from thread: AsyncHttpClient-1-3
2022-04-25 11:57:35,219 DEBUG [AsyncHttpClient-1-2] PoolThreadCache:224 - Freed 17 thread-local buffer(s) from thread: AsyncHttpClient-1-2
2022-04-25 12:00:09,857 DEBUG [main] InternalLoggerFactory:89 - Using Log4J as the default logging framework
2022-04-25 12:00:09,864 DEBUG [main] ResourceLeakDetector:129 - -Dio.netty.leakDetection.level: simple
2022-04-25 12:00:09,864 DEBUG [main] ResourceLeakDetector:130 - -Dio.netty.leakDetection.targetRecords: 4
2022-04-25 12:00:09,870 DEBUG [main] ResourceLeakDetectorFactory:196 - Loaded default ResourceLeakDetector: io.netty.util.ResourceLeakDetector@7d9f158f
2022-04-25 12:00:09,890 DEBUG [main] PlatformDependent0:460 - -Dio.netty.noUnsafe: false
2022-04-25 12:00:09,890 DEBUG [main] PlatformDependent0:954 - Java version: 17
2022-04-25 12:00:09,892 DEBUG [main] PlatformDependent0:135 - sun.misc.Unsafe.theUnsafe: available
2022-04-25 12:00:09,893 DEBUG [main] PlatformDependent0:159 - sun.misc.Unsafe.copyMemory: available
2022-04-25 12:00:09,893 DEBUG [main] PlatformDependent0:202 - java.nio.Buffer.address: available
2022-04-25 12:00:09,894 DEBUG [main] PlatformDependent0:285 - direct buffer constructor: unavailable: Reflective setAccessible(true) disabled
2022-04-25 12:00:09,895 DEBUG [main] PlatformDependent0:350 - java.nio.Bits.unaligned: available, true
2022-04-25 12:00:09,896 DEBUG [main] PlatformDependent0:417 - jdk.internal.misc.Unsafe.allocateUninitializedArray(int): unavailable: class io.netty.util.internal.PlatformDependent0$6 cannot access class jdk.internal.misc.Unsafe (in module java.base) because module java.base does not export jdk.internal.misc to unnamed module @3b192d32
2022-04-25 12:00:09,897 DEBUG [main] PlatformDependent0:446 - java.nio.DirectByteBuffer.<init>(long, int): unavailable
2022-04-25 12:00:09,898 DEBUG [main] PlatformDependent:1103 - sun.misc.Unsafe: available
2022-04-25 12:00:09,909 DEBUG [main] PlatformDependent:1205 - maxDirectMemory: 2118123520 bytes (maybe)
2022-04-25 12:00:09,909 DEBUG [main] PlatformDependent:1224 - -Dio.netty.tmpdir: C:\Users\SPURGE\AppData\Local\Temp (java.io.tmpdir)
2022-04-25 12:00:09,911 DEBUG [main] PlatformDependent:1303 - -Dio.netty.bitMode: 64 (sun.arch.data.model)
2022-04-25 12:00:09,913 DEBUG [main] PlatformDependent:1063 - Platform: Windows
2022-04-25 12:00:09,915 DEBUG [main] PlatformDependent:178 - -Dio.netty.maxDirectMemory: -1 bytes
2022-04-25 12:00:09,915 DEBUG [main] PlatformDependent:185 - -Dio.netty.uninitializedArrayAllocationThreshold: -1
2022-04-25 12:00:09,917 DEBUG [main] CleanerJava9:71 - java.nio.ByteBuffer.cleaner(): available
2022-04-25 12:00:09,917 DEBUG [main] PlatformDependent:205 - -Dio.netty.noPreferDirect: false
2022-04-25 12:00:09,924 DEBUG [main] PlatformDependent:967 - org.jctools-core.MpscChunkedArrayQueue: available
2022-04-25 12:00:09,940 DEBUG [main] InternalThreadLocalMap:83 - -Dio.netty.threadLocalMap.stringBuilder.initialSize: 1024
2022-04-25 12:00:09,940 DEBUG [main] InternalThreadLocalMap:86 - -Dio.netty.threadLocalMap.stringBuilder.maxSize: 4096
2022-04-25 12:00:10,098 DEBUG [main] JdkSslContext:97 - Default protocols (JDK): [TLSv1.3, TLSv1.2] 
2022-04-25 12:00:10,098 DEBUG [main] JdkSslContext:98 - Default cipher suites (JDK): [TLS_ECDHE_ECDSA_WITH_AES_256_GCM_SHA384, TLS_ECDHE_ECDSA_WITH_AES_128_GCM_SHA256, TLS_ECDHE_RSA_WITH_AES_128_GCM_SHA256, TLS_ECDHE_RSA_WITH_AES_256_GCM_SHA384, TLS_ECDHE_RSA_WITH_AES_128_CBC_SHA, TLS_ECDHE_RSA_WITH_AES_256_CBC_SHA, TLS_RSA_WITH_AES_128_GCM_SHA256, TLS_RSA_WITH_AES_128_CBC_SHA, TLS_RSA_WITH_AES_256_CBC_SHA, TLS_AES_128_GCM_SHA256, TLS_AES_256_GCM_SHA384]
2022-04-25 12:00:10,121 DEBUG [main] MultithreadEventLoopGroup:44 - -Dio.netty.eventLoopThreads: 8
2022-04-25 12:00:10,129 DEBUG [main] NioEventLoop:106 - -Dio.netty.noKeySetOptimization: false
2022-04-25 12:00:10,129 DEBUG [main] NioEventLoop:107 - -Dio.netty.selectorAutoRebuildThreshold: 512
2022-04-25 12:00:10,165 DEBUG [main] PooledByteBufAllocator:155 - -Dio.netty.allocator.numHeapArenas: 8
2022-04-25 12:00:10,166 DEBUG [main] PooledByteBufAllocator:156 - -Dio.netty.allocator.numDirectArenas: 8
2022-04-25 12:00:10,166 DEBUG [main] PooledByteBufAllocator:158 - -Dio.netty.allocator.pageSize: 8192
2022-04-25 12:00:10,166 DEBUG [main] PooledByteBufAllocator:163 - -Dio.netty.allocator.maxOrder: 11
2022-04-25 12:00:10,167 DEBUG [main] PooledByteBufAllocator:167 - -Dio.netty.allocator.chunkSize: 16777216
2022-04-25 12:00:10,167 DEBUG [main] PooledByteBufAllocator:168 - -Dio.netty.allocator.smallCacheSize: 256
2022-04-25 12:00:10,167 DEBUG [main] PooledByteBufAllocator:169 - -Dio.netty.allocator.normalCacheSize: 64
2022-04-25 12:00:10,168 DEBUG [main] PooledByteBufAllocator:170 - -Dio.netty.allocator.maxCachedBufferCapacity: 32768
2022-04-25 12:00:10,168 DEBUG [main] PooledByteBufAllocator:171 - -Dio.netty.allocator.cacheTrimInterval: 8192
2022-04-25 12:00:10,168 DEBUG [main] PooledByteBufAllocator:172 - -Dio.netty.allocator.cacheTrimIntervalMillis: 0
2022-04-25 12:00:10,168 DEBUG [main] PooledByteBufAllocator:173 - -Dio.netty.allocator.useCacheForAllThreads: true
2022-04-25 12:00:10,169 DEBUG [main] PooledByteBufAllocator:174 - -Dio.netty.allocator.maxCachedByteBuffersPerChunk: 1023
2022-04-25 12:00:10,180 DEBUG [main] ByteBufUtil:87 - -Dio.netty.allocator.type: pooled
2022-04-25 12:00:10,181 DEBUG [main] ByteBufUtil:96 - -Dio.netty.threadLocalDirectBufferSize: 0
2022-04-25 12:00:10,181 DEBUG [main] ByteBufUtil:99 - -Dio.netty.maxThreadLocalCharBufferSize: 16384
2022-04-25 12:00:10,517 DEBUG [Forwarding newSession on session null to remote] DefaultChannelId:79 - -Dio.netty.processId: 11788 (auto-detected)
2022-04-25 12:00:10,519 DEBUG [Forwarding newSession on session null to remote] NetUtil:135 - -Djava.net.preferIPv4Stack: false
2022-04-25 12:00:10,520 DEBUG [Forwarding newSession on session null to remote] NetUtil:136 - -Djava.net.preferIPv6Addresses: false
2022-04-25 12:00:10,529 DEBUG [Forwarding newSession on session null to remote] NetUtilInitializations:129 - Loopback interface: lo (Software Loopback Interface 1, 127.0.0.1)
2022-04-25 12:00:10,530 DEBUG [Forwarding newSession on session null to remote] NetUtil:187 - Failed to get SOMAXCONN from sysctl and file \proc\sys\net\core\somaxconn. Default: 200
2022-04-25 12:00:10,560 DEBUG [Forwarding newSession on session null to remote] DefaultChannelId:101 - -Dio.netty.machineId: 00:21:6a:ff:fe:e6:b3:15 (auto-detected)
2022-04-25 12:00:10,606 DEBUG [AsyncHttpClient-1-2] AbstractByteBuf:63 - -Dio.netty.buffer.checkAccessible: true
2022-04-25 12:00:10,606 DEBUG [AsyncHttpClient-1-2] AbstractByteBuf:64 - -Dio.netty.buffer.checkBounds: true
2022-04-25 12:00:10,607 DEBUG [AsyncHttpClient-1-2] ResourceLeakDetectorFactory:196 - Loaded default ResourceLeakDetector: io.netty.util.ResourceLeakDetector@7a8bc142
2022-04-25 12:00:10,627 DEBUG [AsyncHttpClient-1-2] Recycler:103 - -Dio.netty.recycler.maxCapacityPerThread: 4096
2022-04-25 12:00:10,627 DEBUG [AsyncHttpClient-1-2] Recycler:104 - -Dio.netty.recycler.maxSharedCapacityFactor: 2
2022-04-25 12:00:10,628 DEBUG [AsyncHttpClient-1-2] Recycler:105 - -Dio.netty.recycler.linkCapacity: 16
2022-04-25 12:00:10,628 DEBUG [AsyncHttpClient-1-2] Recycler:106 - -Dio.netty.recycler.ratio: 8
2022-04-25 12:00:10,628 DEBUG [AsyncHttpClient-1-2] Recycler:107 - -Dio.netty.recycler.delayedQueue.ratio: 8
2022-04-25 12:00:11,384 DEBUG [AsyncHttpClient-1-2] Brotli:38 - brotli4j not in the classpath; Brotli support will be unavailable.
2022-04-25 12:00:11,535 DEBUG [main] ThreadLocalRandom:214 - -Dio.netty.initialSeedUniquifier: 0x06abf16c235dfd26
2022-04-25 12:00:11,587  INFO [main] LoginTest:23 - LAUNCHING CHROME BROWSER
2022-04-25 12:00:15,038  INFO [main] LoginTest:30 - ENTERING APP URL
2022-04-25 12:00:15,038  WARN [main] LoginTest:31 - this is warning msg
2022-04-25 12:00:15,039 FATAL [main] LoginTest:32 - this is fatal
2022-04-25 12:00:15,039 DEBUG [main] LoginTest:33 - this is debug
2022-04-25 12:00:15,057  INFO [main] LoginTest:41 - *******************starting test case********************88
2022-04-25 12:00:15,117  INFO [main] LoginTest:48 - *******************ending test case********************88
2022-04-25 12:00:16,321  INFO [main] LoginTest:23 - LAUNCHING CHROME BROWSER
2022-04-25 12:00:17,630  INFO [main] LoginTest:30 - ENTERING APP URL
2022-04-25 12:00:17,632  WARN [main] LoginTest:31 - this is warning msg
2022-04-25 12:00:17,633 FATAL [main] LoginTest:32 - this is fatal
2022-04-25 12:00:17,633 DEBUG [main] LoginTest:33 - this is debug
2022-04-25 12:00:17,635  INFO [main] LoginTest:56 - *******************starting test case********************88
2022-04-25 12:00:17,677  INFO [main] LoginTest:61 - *******************ending test case********************88
2022-04-25 12:00:18,066 DEBUG [AsyncHttpClient-1-4] PoolThreadCache:224 - Freed 4 thread-local buffer(s) from thread: AsyncHttpClient-1-4
2022-04-25 12:00:18,066 DEBUG [AsyncHttpClient-1-3] PoolThreadCache:224 - Freed 2 thread-local buffer(s) from thread: AsyncHttpClient-1-3
2022-04-25 12:00:18,066 DEBUG [AsyncHttpClient-1-2] PoolThreadCache:224 - Freed 17 thread-local buffer(s) from thread: AsyncHttpClient-1-2
